<?xml version="1.0" encoding="UTF-8"?>
<!-- Generated by org.testng.reporters.JUnitReportReporter -->
<testsuite hostname="PC207743" name="testscripts.CreateAccount" tests="2" failures="1" timestamp="17 Aug 2016 14:23:06 GMT" time="60.996" errors="0">
  <testcase name="createAccountOneDevice" time="27.971" classname="testscripts.CreateAccount"/>
  <testcase name="CreateAccountOneDeviceBoltOn" time="33.025" classname="testscripts.CreateAccount">
    <failure type="java.lang.AssertionError" message="policy xref eep table Lookup failed expected [true] but found [false]">
      <![CDATA[java.lang.AssertionError: policy xref eep table Lookup failed expected [true] but found [false]
]]>
    </failure>
  </testcase> <!-- CreateAccountOneDeviceBoltOn -->
</testsuite> <!-- testscripts.CreateAccount -->
