<?xml version="1.0" encoding="UTF-8"?>
<!-- Generated by org.testng.reporters.JUnitReportReporter -->
<testsuite hostname="PC207743" name="testscripts.ThresholdService" tests="1" failures="0" timestamp="17 Aug 2016 14:23:06 GMT" time="118.024" errors="0">
  <testcase name="thresholdService" time="118.024" classname="testscripts.ThresholdService"/>
</testsuite> <!-- testscripts.ThresholdService -->
